Flutter crash report; please file at https://github.com/flutter/flutter/issues.

## command

flutter build bundle --suppress-analytics --target E:\Apps\testing_app\lib\main.dart --filesystem-scheme org-dartlang-root --track-widget-creation --depfile E:\Apps\testing_app\build\app\intermediates\flutter\debug/snapshot_blob.bin.d --asset-dir E:\Apps\testing_app\build\app\intermediates\flutter\debug/flutter_assets --debug

## exception

FileSystemException: FileSystemException: Deletion failed, path = 'C:\flutter\bin\cache\artifacts\engine' (OS Error: The system cannot find the file specified.
, errno = 2)

```
#0      _Directory._deleteSync (dart:io/directory_impl.dart:207:7)
#1      FileSystemEntity.deleteSync (dart:io/file_system_entity.dart:466:47)
#2      ForwardingFileSystemEntity.deleteSync (package:file/src/forwarding/forwarding_file_system_entity.dart:72:16)
#3      CachedArtifact.update (package:flutter_tools/src/cache.dart:261:16)
<asynchronous suspension>
#4      Cache.updateAll (package:flutter_tools/src/cache.dart:219:26)
<asynchronous suspension>
#5      FlutterCommand.verifyThenRunCommand (package:flutter_tools/src/runner/flutter_command.dart:384:19)
<asynchronous suspension>
#6      FlutterCommand.run.<anonymous closure> (package:flutter_tools/src/runner/flutter_command.dart:335:33)
<asynchronous suspension>
#7      AppContext.run.<anonymous closure> (package:flutter_tools/src/base/context.dart:142:29)
<asynchronous suspension>
#8      _rootRun (dart:async/zone.dart:1124:13)
#9      _CustomZone.run (dart:async/zone.dart:1021:19)
#10     _runZoned (dart:async/zone.dart:1516:10)
#11     runZoned (dart:async/zone.dart:1463:12)
#12     AppContext.run (package:flutter_tools/src/base/context.dart:141:18)
<asynchronous suspension>
#13     FlutterCommand.run (package:flutter_tools/src/runner/flutter_command.dart:326:20)
#14     CommandRunner.runCommand (package:args/command_runner.dart:196:27)
<asynchronous suspension>
#15     FlutterCommandRunner.runCommand.<anonymous closure> (package:flutter_tools/src/runner/flutter_command_runner.dart:401:21)
<asynchronous suspension>
#16     AppContext.run.<anonymous closure> (package:flutter_tools/src/base/context.dart:142:29)
<asynchronous suspension>
#17     _rootRun (dart:async/zone.dart:1124:13)
#18     _CustomZone.run (dart:async/zone.dart:1021:19)
#19     _runZoned (dart:async/zone.dart:1516:10)
#20     runZoned (dart:async/zone.dart:1463:12)
#21     AppContext.run (package:flutter_tools/src/base/context.dart:141:18)
<asynchronous suspension>
#22     FlutterCommandRunner.runCommand (package:flutter_tools/src/runner/flutter_command_runner.dart:361:19)
<asynchronous suspension>
#23     CommandRunner.run.<anonymous closure> (package:args/command_runner.dart:111:29)
#24     new Future.sync (dart:async/future.dart:224:31)
#25     CommandRunner.run (package:args/command_runner.dart:111:11)
#26     FlutterCommandRunner.run (package:flutter_tools/src/runner/flutter_command_runner.dart:241:18)
#27     run.<anonymous closure> (package:flutter_tools/runner.dart:60:20)
<asynchronous suspension>
#28     AppContext.run.<anonymous closure> (package:flutter_tools/src/base/context.dart:142:29)
<asynchronous suspension>
#29     _rootRun (dart:async/zone.dart:1124:13)
#30     _CustomZone.run (dart:async/zone.dart:1021:19)
#31     _runZoned (dart:async/zone.dart:1516:10)
#32     runZoned (dart:async/zone.dart:1463:12)
#33     AppContext.run (package:flutter_tools/src/base/context.dart:141:18)
<asynchronous suspension>
#34     runInContext (package:flutter_tools/src/context_runner.dart:43:24)
<asynchronous suspension>
#35     run (package:flutter_tools/runner.dart:51:10)
#36     main (package:flutter_tools/executable.dart:51:9)
<asynchronous suspension>
#37     main (file:///C:/flutter/packages/flutter_tools/bin/flutter_tools.dart:8:3)
#38     _startIsolate.<anonymous closure> (dart:isolate/runtime/libisolate_patch.dart:287:32)
#39     _RawReceivePortImpl._handleMessage (dart:isolate/runtime/libisolate_patch.dart:171:12)
```

## flutter doctor

```
[!] Flutter (Channel beta, v0.11.12, on Microsoft Windows [Version 6.3.9600], locale en-IN)
    • Flutter version 0.11.12 at C:\flutter
    • Framework revision 06ec8d3b41 (26 hours ago), 2018-11-28 15:56:58 -0800
    • Engine revision 72c7a75672
    • Dart version 2.1.0 (build 2.1.0-dev.9.4 f9ebf21297)
    ✗ Downloaded executables cannot execute on host.
      See https://github.com/flutter/flutter/issues/6207 for more information


[!] Android toolchain - develop for Android devices (Android SDK 27.0.3)
    • Android SDK at C:\Users\kavali\AppData\Local\Android\sdk
    • Android NDK location not configured (optional; useful for native profiling support)
    • Platform android-27, build-tools 27.0.3
    • Java binary at: C:\Program Files\Android\Android Studio\jre\bin\java
    • Java version OpenJDK Runtime Environment (build 1.8.0_152-release-1136-b06)
    ✗ Android license status unknown.

[✓] Android Studio (version 3.2)
    • Android Studio at C:\Program Files\Android\Android Studio
    • Flutter plugin version 30.0.1
    • Dart plugin version 181.5656
    • Java version OpenJDK Runtime Environment (build 1.8.0_152-release-1136-b06)

[✓] VS Code (version 1.29.1)
    • VS Code at C:\Users\kavali\AppData\Local\Programs\Microsoft VS Code
    • Flutter extension version 2.21.0

[✓] Connected device (1 available)
    • Redmi Note 4 • 98bcd4a80803 • android-arm64 • Android 7.0 (API 24)

! Doctor found issues in 2 categories.
```
